Arguments: 
  /Users/danielad/.nvm/versions/node/v16.15.1/bin/node /usr/local/bin/yarn

PATH: 
  /Users/danielad/.nvm/versions/node/v16.15.1/bin:/Library/Frameworks/Python.framework/Versions/2.7/bin:/usr/local/bin:/usr/bin:/bin:/usr/sbin:/sbin:/Users/danielad/.nvm/versions/node/v16.15.1/bin:/Library/Frameworks/Python.framework/Versions/2.7/bin:/Users/danielad/.local/bin:/Users/danielad/.local/bin

Yarn version: 
  1.22.18

Node version: 
  16.15.1

Platform: 
  darwin x64

Trace: 
  Error: getaddrinfo ENOTFOUND repo.dev.wixpress.com
      at GetAddrInfoReqWrap.onlookup [as oncomplete] (node:dns:71:26)

npm manifest: 
  {
    "name": "ply-cli",
    "version": "1.0.4",
    "description": "\"Ply-cli\" is a cli tool that aim to entertain you while you wait for any process to be over.",
    "main": "index.js",
    "scripts": {
      "build": "tsc",
      "release": "npm publish --access public",
      "postinstall": "tsc && chmod a+x dist/src/**/*.js && node ./dist/postinstall.js"
    },
    "bin": {
      "ply": "./dist/src/controller.js"
    },
    "keywords": [
      "cli"
    ],
    "author": "Oron Mozes",
    "license": "ISC",
    "dependencies": {
      "@marcster/snake-js": "^1.0.1",
      "axios": "^0.27.2",
      "node-notifier": "^10.0.1",
      "os": "^0.1.2",
      "path": "^0.12.7",
      "readline": "^1.3.0",
      "shelljs": "^0.8.5",
      "ttab": "^0.7.2",
      "typescript": "^4.7.3",
      "yargs": "^17.5.1",
      "yt-play-cli": "^0.13.5"
    },
    "devDependencies": {
      "@types/node-notifier": "^8.0.2",
      "@types/shelljs": "^0.8.11",
      "@types/yargs": "^17.0.10"
    }
  }

yarn manifest: 
  No manifest

Lockfile: 
  # THIS IS AN AUTOGENERATED FILE. DO NOT EDIT THIS FILE DIRECTLY.
  # yarn lockfile v1
  
  
  "@babel/parser@^7.8.3":
    "integrity" "sha1-M3BiNjQ2qJOi0i+qYL5bs3CRyDw="
    "resolved" "https://repo.dev.wixpress.com/artifactory/api/npm/npm-repos/@babel/parser/-/parser-7.18.5.tgz"
    "version" "7.18.5"
  
  "@electron/get@^1.0.1":
    "integrity" "sha1-Frp18C3/t0wjll5y1hetxyHSf0A="
    "resolved" "https://repo.dev.wixpress.com/artifactory/api/npm/npm-repos/@electron/get/-/get-1.14.1.tgz"
    "version" "1.14.1"
    dependencies:
      "debug" "^4.1.1"
      "env-paths" "^2.2.0"
      "fs-extra" "^8.1.0"
      "got" "^9.6.0"
      "progress" "^2.0.3"
      "semver" "^6.2.0"
      "sumchecker" "^3.0.1"
    optionalDependencies:
      "global-agent" "^3.0.0"
      "global-tunnel-ng" "^2.7.1"
  
  "@marcster/snake-js@^1.0.1":
    "integrity" "sha512-Mi+Tsa3z4Wg1LnJlQNKHD8eq562rGlta0e6Xtvlbp/HlL2Lnj6+drX9TiR/156xmJ9wVWlot8ytBItlyzLQ6VA=="
    "resolved" "https://registry.npmjs.org/@marcster/snake-js/-/snake-js-1.0.1.tgz"
    "version" "1.0.1"
    dependencies:
      "ansi" "^0.3.1"
  
  "@sindresorhus/is@^0.14.0":
    "integrity" "sha1-n7OjzzEyMoFR81PeRjLgHlIQK+o="
    "resolved" "https://repo.dev.wixpress.com/artifactory/api/npm/npm-repos/@sindresorhus/is/-/is-0.14.0.tgz"
    "version" "0.14.0"
  
  "@szmarczak/http-timer@^1.1.2":
    "integrity" "sha1-sWZeLEYaLNkvTBu/UNVFTeDUtCE="
    "resolved" "https://repo.dev.wixpress.com/artifactory/api/npm/npm-repos/@szmarczak/http-timer/-/http-timer-1.1.2.tgz"
    "version" "1.1.2"
    dependencies:
      "defer-to-connect" "^1.0.1"
  
  "@types/glob@*":
    "integrity" "sha1-vBtb86qS8lvV3TnzXFc2G9zlsus="
    "resolved" "https://repo.dev.wixpress.com/artifactory/api/npm/npm-repos/@types/glob/-/glob-7.2.0.tgz"
    "version" "7.2.0"
    dependencies:
      "@types/minimatch" "*"
      "@types/node" "*"
  
  "@types/minimatch@*":
    "integrity" "sha1-EAHMXmo3BLg8I2An538vWOoBD0A="
    "resolved" "https://repo.dev.wixpress.com/artifactory/api/npm/npm-repos/@types/minimatch/-/minimatch-3.0.5.tgz"
    "version" "3.0.5"
  
  "@types/node-notifier@^8.0.2":
    "integrity" "sha1-d8XeKcborbkVIisBhkEozD541VM="
    "resolved" "https://repo.dev.wixpress.com/artifactory/api/npm/npm-repos/@types/node-notifier/-/node-notifier-8.0.2.tgz"
    "version" "8.0.2"
    dependencies:
      "@types/node" "*"
  
  "@types/node@*":
    "integrity" "sha1-Ft0LtTOPAW2MoQYxeJ8NBhL+XVs="
    "resolved" "https://repo.dev.wixpress.com/artifactory/api/npm/npm-repos/@types/node/-/node-17.0.44.tgz"
    "version" "17.0.44"
  
  "@types/node@^12.0.12":
    "integrity" "sha1-wynL1DTEIWT4RrkJvW+FtVN/YkA="
    "resolved" "https://repo.dev.wixpress.com/artifactory/api/npm/npm-repos/@types/node/-/node-12.20.55.tgz"
    "version" "12.20.55"
  
  "@types/shelljs@^0.8.11":
    "integrity" "sha1-F6VpbIJZdOloKOluiVhdaFZG/Lg="
    "resolved" "https://repo.dev.wixpress.com/artifactory/api/npm/npm-repos/@types/shelljs/-/shelljs-0.8.11.tgz"
    "version" "0.8.11"
    dependencies:
      "@types/glob" "*"
      "@types/node" "*"
  
  "@types/yargs-parser@*":
    "integrity" "sha1-DGDlN/p5D1+Ucu0ndsK3HsEXNRs="
    "resolved" "https://repo.dev.wixpress.com/artifactory/api/npm/npm-repos/@types/yargs-parser/-/yargs-parser-21.0.0.tgz"
    "version" "21.0.0"
  
  "@types/yargs@^17.0.10":
    "integrity" "sha1-WRUi/Ohdhzm8p7i7kNBI5EeNGGo="
    "resolved" "https://repo.dev.wixpress.com/artifactory/api/npm/npm-repos/@types/yargs/-/yargs-17.0.10.tgz"
    "version" "17.0.10"
    dependencies:
      "@types/yargs-parser" "*"
  
  "ad-block-js@0.0.2":
    "integrity" "sha1-KUGWofzECIG9hqvbrSiOIMUWzYE="
    "resolved" "https://repo.dev.wixpress.com/artifactory/api/npm/npm-repos/ad-block-js/-/ad-block-js-0.0.2.tgz"
    "version" "0.0.2"
  
  "ansi-regex@^2.1.1":
    "integrity" "sha1-w7M6te42DYbg5ijwRorn7yfWVN8="
    "resolved" "https://repo.dev.wixpress.com/artifactory/api/npm/npm-repos/ansi-regex/-/ansi-regex-2.1.1.tgz"
    "version" "2.1.1"
  
  "ansi-regex@^3.0.0":
    "integrity" "sha1-Ej1keekq1FrYl9QFTjx8p9tJROE="
    "resolved" "https://repo.dev.wixpress.com/artifactory/api/npm/npm-repos/ansi-regex/-/ansi-regex-3.0.1.tgz"
    "version" "3.0.1"
  
  "ansi-regex@^5.0.1":
    "integrity" "sha1-CCyyyJyf6GWaMRpTvWpNxTAdswQ="
    "resolved" "https://repo.dev.wixpress.com/artifactory/api/npm/npm-repos/ansi-regex/-/ansi-regex-5.0.1.tgz"
    "version" "5.0.1"
  
  "ansi-styles@^4.0.0":
    "integrity" "sha1-7dgDYornHATIWuegkG7a00tkiTc="
    "resolved" "https://repo.dev.wixpress.com/artifactory/api/npm/npm-repos/ansi-styles/-/ansi-styles-4.3.0.tgz"
    "version" "4.3.0"
    dependencies:
      "color-convert" "^2.0.1"
  
  "ansi@^0.3.1":
    "integrity" "sha512-iFY7JCgHbepc0b82yLaw4IMortylNb6wG4kL+4R0C3iv6i+RHGHux/yUX5BTiRvSX/shMnngjR1YyNMnXEFh5A=="
    "resolved" "https://registry.npmjs.org/ansi/-/ansi-0.3.1.tgz"
    "version" "0.3.1"
  
  "arrify@^2.0.1":
    "integrity" "sha1-yWVekzHgq81YjSp8rX6ZVvZnAfo="
    "resolved" "https://repo.dev.wixpress.com/artifactory/api/npm/npm-repos/arrify/-/arrify-2.0.1.tgz"
    "version" "2.0.1"
  
  "async.parallellimit@~0.5.2":
    "integrity" "sha1-v9y/Lwgy8f/0wLM1S09jIGY91R8="
    "resolved" "https://repo.dev.wixpress.com/artifactory/api/npm/npm-repos/async.parallellimit/-/async.parallellimit-0.5.2.tgz"
    "version" "0.5.2"
    dependencies:
      "async.util.eachoflimit" "0.5.2"
      "async.util.parallel" "0.5.2"
  
  "async.util.eachoflimit@0.5.2":
    "integrity" "sha1-i4y4z7AniqXOtQqPgAwcJmjbV+8="
    "resolved" "https://repo.dev.wixpress.com/artifactory/api/npm/npm-repos/async.util.eachoflimit/-/async.util.eachoflimit-0.5.2.tgz"
    "version" "0.5.2"
    dependencies:
      "async.util.keyiterator" "0.5.2"
      "async.util.noop" "0.5.2"
      "async.util.once" "0.5.2"
      "async.util.onlyonce" "0.5.2"
  
  "async.util.isarray@0.5.2":
    "integrity" "sha1-5i2sjyY29lh13PdSHC0k0N+yu98="
    "resolved" "https://repo.dev.wixpress.com/artifactory/api/npm/npm-repos/async.util.isarray/-/async.util.isarray-0.5.2.tgz"
    "version" "0.5.2"
  
  "async.util.isarraylike@0.5.2":
    "integrity" "sha1-jn+H2pFB8vCZboBAR30NTv4/UPg="
    "resolved" "https://repo.dev.wixpress.com/artifactory/api/npm/npm-repos/async.util.isarraylike/-/async.util.isarraylike-0.5.2.tgz"
    "version" "0.5.2"
    dependencies:
      "async.util.isarray" "0.5.2"
  
  "async.util.keyiterator@0.5.2":
    "integrity" "sha1-M55s6PidAAQz+3gU4ico8/F1CQ0="
    "resolved" "https://repo.dev.wixpress.com/artifactory/api/npm/npm-repos/async.util.keyiterator/-/async.util.keyiterator-0.5.2.tgz"
    "version" "0.5.2"
    dependencies:
      "async.util.isarraylike" "0.5.2"
      "async.util.keys" "0.5.2"
  
  "async.util.keys@0.5.2":
    "integrity" "sha1-XDTd2KPtt6eIPJtf4hJngbIJivY="
    "resolved" "https://repo.dev.wixpress.com/artifactory/api/npm/npm-repos/async.util.keys/-/async.util.keys-0.5.2.tgz"
    "version" "0.5.2"
  
  "async.util.noop@0.5.2":
    "integrity" "sha1-vdYrl8sKo/YLWGrRSEaGmJdeWLk="
    "resolved" "https://repo.dev.wixpress.com/artifactory/api/npm/npm-repos/async.util.noop/-/async.util.noop-0.5.2.tgz"
    "version" "0.5.2"
  
  "async.util.once@0.5.2":
    "integrity" "sha1-FFPLdATK0IImlPq6vEepblyqchY="
    "resolved" "https://repo.dev.wixpress.com/artifactory/api/npm/npm-repos/async.util.once/-/async.util.once-0.5.2.tgz"
    "version" "0.5.2"
  
  "async.util.onlyonce@0.5.2":
    "integrity" "sha1-uOb8AErckjFk154y8oE+5GXCT/I="
    "resolved" "https://repo.dev.wixpress.com/artifactory/api/npm/npm-repos/async.util.onlyonce/-/async.util.onlyonce-0.5.2.tgz"
    "version" "0.5.2"
  
  "async.util.parallel@0.5.2":
    "integrity" "sha1-IzUk49b6/9XplddUdrjZJPloCM0="
    "resolved" "https://repo.dev.wixpress.com/artifactory/api/npm/npm-repos/async.util.parallel/-/async.util.parallel-0.5.2.tgz"
    "version" "0.5.2"
    dependencies:
      "async.util.isarraylike" "0.5.2"
      "async.util.noop" "0.5.2"
      "async.util.restparam" "0.5.2"
  
  "async.util.restparam@0.5.2":
    "integrity" "sha1-A+/r88Ane5ciDlJaunUPXgT8gM0="
    "resolved" "https://repo.dev.wixpress.com/artifactory/api/npm/npm-repos/async.util.restparam/-/async.util.restparam-0.5.2.tgz"
    "version" "0.5.2"
  
  "asynckit@^0.4.0":
    "integrity" "sha1-x57Zf380y48robyXkLzDZkdLS3k="
    "resolved" "https://repo.dev.wixpress.com/artifactory/api/npm/npm-repos/asynckit/-/asynckit-0.4.0.tgz"
    "version" "0.4.0"
  
  "axios@^0.27.2":
    "integrity" "sha1-IHZYzIYhYG5YbIXbS0GnUOdW2XI="
    "resolved" "https://repo.dev.wixpress.com/artifactory/api/npm/npm-repos/axios/-/axios-0.27.2.tgz"
    "version" "0.27.2"
    dependencies:
      "follow-redirects" "^1.14.9"
      "form-data" "^4.0.0"
  
  "balanced-match@^1.0.0":
    "integrity" "sha1-6D46fj8wCzTLnYf2FfoMvzV2kO4="
    "resolved" "https://repo.dev.wixpress.com/artifactory/api/npm/npm-repos/balanced-match/-/balanced-match-1.0.2.tgz"
    "version" "1.0.2"
  
  "boolbase@~1.0.0":
    "integrity" "sha1-aN/1++YMUes3cl6p4+0xDcwed24="
    "resolved" "https://repo.dev.wixpress.com/artifactory/api/npm/npm-repos/boolbase/-/boolbase-1.0.0.tgz"
    "version" "1.0.0"
  
  "boolean@^3.0.1":
    "integrity" "sha1-nlKUr06YMUSUy7F5efpUyhWfEWs="
    "resolved" "https://repo.dev.wixpress.com/artifactory/api/npm/npm-repos/boolean/-/boolean-3.2.0.tgz"
    "version" "3.2.0"
  
  "boolstring@~1.0.2":
    "integrity" "sha1-nmOl9qExg4//v5gaOCzHmMYW78c="
    "resolved" "https://repo.dev.wixpress.com/artifactory/api/npm/npm-repos/boolstring/-/boolstring-1.0.2.tgz"
    "version" "1.0.2"
  
  "brace-expansion@^1.1.7":
    "integrity" "sha1-PH/L9SnYcibz0vUrlm/1Jx60Qd0="
    "resolved" "https://repo.dev.wixpress.com/artifactory/api/npm/npm-repos/brace-expansion/-/brace-expansion-1.1.11.tgz"
    "version" "1.1.11"
    dependencies:
      "balanced-match" "^1.0.0"
      "concat-map" "0.0.1"
  
  "buffer-crc32@~0.2.3":
    "integrity" "sha1-DTM+PwDqxQqhRUq9MO+MKl2ackI="
    "resolved" "https://repo.dev.wixpress.com/artifactory/api/npm/npm-repos/buffer-crc32/-/buffer-crc32-0.2.13.tgz"
    "version" "0.2.13"
  
  "buffer-from@^1.0.0":
    "integrity" "sha1-KxRqb9cugLT1XSVfNe1Zo6mkG9U="
    "resolved" "https://repo.dev.wixpress.com/artifactory/api/npm/npm-repos/buffer-from/-/buffer-from-1.1.2.tgz"
    "version" "1.1.2"
  
  "cacheable-request@^6.0.0":
    "integrity" "sha1-IP+4vRYrpL4R6VZ9gj22UQUsqRI="
    "resolved" "https://repo.dev.wixpress.com/artifactory/api/npm/npm-repos/cacheable-request/-/cacheable-request-6.1.0.tgz"
    "version" "6.1.0"
    dependencies:
      "clone-response" "^1.0.2"
      "get-stream" "^5.1.0"
      "http-cache-semantics" "^4.0.0"
      "keyv" "^3.0.0"
      "lowercase-keys" "^2.0.0"
      "normalize-url" "^4.1.0"
      "responselike" "^1.0.2"
  
  "cheerio@~0.22.0":
    "integrity" "sha1-qbqoYKP5tZWmuBsahocxIe06Jp4="
    "resolved" "https://repo.dev.wixpress.com/artifactory/api/npm/npm-repos/cheerio/-/cheerio-0.22.0.tgz"
    "version" "0.22.0"
    dependencies:
      "css-select" "~1.2.0"
      "dom-serializer" "~0.1.0"
      "entities" "~1.1.1"
      "htmlparser2" "^3.9.1"
      "lodash.assignin" "^4.0.9"
      "lodash.bind" "^4.1.4"
      "lodash.defaults" "^4.0.1"
      "lodash.filter" "^4.4.0"
      "lodash.flatten" "^4.2.0"
      "lodash.foreach" "^4.3.0"
      "lodash.map" "^4.4.0"
      "lodash.merge" "^4.4.0"
      "lodash.pick" "^4.2.1"
      "lodash.reduce" "^4.4.0"
      "lodash.reject" "^4.4.0"
      "lodash.some" "^4.4.0"
  
  "cli-color@~1.2.0":
    "integrity" "sha1-OlrnT9drYmevZm5p4q+70B3vNNE="
    "resolved" "https://repo.dev.wixpress.com/artifactory/api/npm/npm-repos/cli-color/-/cli-color-1.2.0.tgz"
    "version" "1.2.0"
    dependencies:
      "ansi-regex" "^2.1.1"
      "d" "1"
      "es5-ext" "^0.10.12"
      "es6-iterator" "2"
      "memoizee" "^0.4.3"
      "timers-ext" "0.1"
  
  "cli-color@~2.0.0":
    "integrity" "sha1-4pWt265HCADe8CVBg8ZIUxzfTj8="
    "resolved" "https://repo.dev.wixpress.com/artifactory/api/npm/npm-repos/cli-color/-/cli-color-2.0.2.tgz"
    "version" "2.0.2"
    dependencies:
      "d" "^1.0.1"
      "es5-ext" "^0.10.59"
      "es6-iterator" "^2.0.3"
      "memoizee" "^0.4.15"
      "timers-ext" "^0.1.7"
  
  "cliui@^7.0.2":
    "integrity" "sha1-oCZe5lVHb8gHrqnfPfjfd4OAi08="
    "resolved" "https://repo.dev.wixpress.com/artifactory/api/npm/npm-repos/cliui/-/cliui-7.0.4.tgz"
    "version" "7.0.4"
    dependencies:
      "string-width" "^4.2.0"
      "strip-ansi" "^6.0.0"
      "wrap-ansi" "^7.0.0"
  
  "clone-response@^1.0.2":
    "integrity" "sha1-0dyXOSAxTfZ/vrlCI7TuNQI56Ws="
    "resolved" "https://repo.dev.wixpress.com/artifactory/api/npm/npm-repos/clone-response/-/clone-response-1.0.2.tgz"
    "version" "1.0.2"
    dependencies:
      "mimic-response" "^1.0.0"
  
  "color-convert@^2.0.1":
    "integrity" "sha1-ctOmjVmMm9s68q0ehPIdiWq9TeM="
    "resolved" "https://repo.dev.wixpress.com/artifactory/api/npm/npm-repos/color-convert/-/color-convert-2.0.1.tgz"
    "version" "2.0.1"
    dependencies:
      "color-name" "~1.1.4"
  
  "color-name@~1.1.4":
    "integrity" "sha1-wqCah6y95pVD3m9j+jmVyCbFNqI="
    "resolved" "https://repo.dev.wixpress.com/artifactory/api/npm/npm-repos/color-name/-/color-name-1.1.4.tgz"
    "version" "1.1.4"
  
  "combined-stream@^1.0.8":
    "integrity" "sha1-w9RaizT9cwYxoRCoolIGgrMdWn8="
    "resolved" "https://repo.dev.wixpress.com/artifactory/api/npm/npm-repos/combined-stream/-/combined-stream-1.0.8.tgz"
    "version" "1.0.8"
    dependencies:
      "delayed-stream" "~1.0.0"
  
  "concat-map@0.0.1":
    "integrity" "sha1-2Klr13/Wjfd5OnMDajug1UBdR3s="
    "resolved" "https://repo.dev.wixpress.com/artifactory/api/npm/npm-repos/concat-map/-/concat-map-0.0.1.tgz"
    "version" "0.0.1"
  
  "concat-stream@^1.6.2":
    "integrity" "sha1-kEvfGUzTEi/Gdcd/xKw9T/D9GjQ="
    "resolved" "https://repo.dev.wixpress.com/artifactory/api/npm/npm-repos/concat-stream/-/concat-stream-1.6.2.tgz"
    "version" "1.6.2"
    dependencies:
      "buffer-from" "^1.0.0"
      "inherits" "^2.0.3"
      "readable-stream" "^2.2.2"
      "typedarray" "^0.0.6"
  
  "config-chain@^1.1.11":
    "integrity" "sha1-+tB5Wqamza/57Rto6d/5Q3LCMvQ="
    "resolved" "https://repo.dev.wixpress.com/artifactory/api/npm/npm-repos/config-chain/-/config-chain-1.1.13.tgz"
    "version" "1.1.13"
    dependencies:
      "ini" "^1.3.4"
      "proto-list" "~1.2.1"
  
  "core-util-is@~1.0.0":
    "integrity" "sha1-pgQtNjTCsn6TKPg3uWX6yDgI24U="
    "resolved" "https://repo.dev.wixpress.com/artifactory/api/npm/npm-repos/core-util-is/-/core-util-is-1.0.3.tgz"
    "version" "1.0.3"
  
  "crypto-random-string@^2.0.0":
    "integrity" "sha1-7yp6lm7BEIM4g2m6oC6+rSKbMNU="
    "resolved" "https://repo.dev.wixpress.com/artifactory/api/npm/npm-repos/crypto-random-string/-/crypto-random-string-2.0.0.tgz"
    "version" "2.0.0"
  
  "css-select@~1.2.0":
    "integrity" "sha1-KzoRBTnFNV8c2NMUYj6HCxIeyFg="
    "resolved" "https://repo.dev.wixpress.com/artifactory/api/npm/npm-repos/css-select/-/css-select-1.2.0.tgz"
    "version" "1.2.0"
    dependencies:
      "boolbase" "~1.0.0"
      "css-what" "2.1"
      "domutils" "1.5.1"
      "nth-check" "~1.0.1"
  
  "css-what@2.1":
    "integrity" "sha1-ptdgRXM2X+dGhsPzEcVlE9iChfI="
    "resolved" "https://repo.dev.wixpress.com/artifactory/api/npm/npm-repos/css-what/-/css-what-2.1.3.tgz"
    "version" "2.1.3"
  
  "d@^1.0.1", "d@1":
    "integrity" "sha1-hpgJU3LVjb7jRv/Qxwk/mfj561o="
    "resolved" "https://repo.dev.wixpress.com/artifactory/api/npm/npm-repos/d/-/d-1.0.1.tgz"
    "version" "1.0.1"
    dependencies:
      "es5-ext" "^0.10.50"
      "type" "^1.0.1"
  
  "dasu@~0.4.2":
    "integrity" "sha1-iS7Kpmq2mx8h2coBZpnb0K7H41k="
    "resolved" "https://repo.dev.wixpress.com/artifactory/api/npm/npm-repos/dasu/-/dasu-0.4.3.tgz"
    "version" "0.4.3"
  
  "debug@^2.6.9":
    "integrity" "sha1-XRKFFd8TT/Mn6QpMk/Tgd6U2NB8="
    "resolved" "https://repo.dev.wixpress.com/artifactory/api/npm/npm-repos/debug/-/debug-2.6.9.tgz"
    "version" "2.6.9"
    dependencies:
      "ms" "2.0.0"
  
  "debug@^4.1.0", "debug@^4.1.1":
    "integrity" "sha1-Exn2V5NX8jONMzfSzdSRS7XcyGU="
    "resolved" "https://repo.dev.wixpress.com/artifactory/api/npm/npm-repos/debug/-/debug-4.3.4.tgz"
    "version" "4.3.4"
    dependencies:
      "ms" "2.1.2"
  
  "decompress-response@^3.3.0":
    "integrity" "sha1-gKTdMjdIOEv6JICDYirt7Jgq3/M="
    "resolved" "https://repo.dev.wixpress.com/artifactory/api/npm/npm-repos/decompress-response/-/decompress-response-3.3.0.tgz"
    "version" "3.3.0"
    dependencies:
      "mimic-response" "^1.0.0"
  
  "defer-to-connect@^1.0.1":
    "integrity" "sha1-MxrgUMCNz3ifjIOnuB8O2U9KxZE="
    "resolved" "https://repo.dev.wixpress.com/artifactory/api/npm/npm-repos/defer-to-connect/-/defer-to-connect-1.1.3.tgz"
    "version" "1.1.3"
  
  "define-properties@^1.1.3":
    "integrity" "sha1-CxTXvX++svNXLDp+2oDqXVf7BbE="
    "resolved" "https://repo.dev.wixpress.com/artifactory/api/npm/npm-repos/define-properties/-/define-properties-1.1.4.tgz"
    "version" "1.1.4"
    dependencies:
      "has-property-descriptors" "^1.0.0"
      "object-keys" "^1.1.1"
  
  "define-property@^1.0.0":
    "integrity" "sha1-dp66rz9KY6rTr56NMEybvnm/sOY="
    "resolved" "https://repo.dev.wixpress.com/artifactory/api/npm/npm-repos/define-property/-/define-property-1.0.0.tgz"
    "version" "1.0.0"
    dependencies:
      "is-descriptor" "^1.0.0"
  
  "delayed-stream@~1.0.0":
    "integrity" "sha1-3zrhmayt+31ECqrgsp4icrJOxhk="
    "resolved" "https://repo.dev.wixpress.com/artifactory/api/npm/npm-repos/delayed-stream/-/delayed-stream-1.0.0.tgz"
    "version" "1.0.0"
  
  "detect-node@^2.0.4":
    "integrity" "sha1-yccHdaScPQO8LAbZpzvlUPl4+LE="
    "resolved" "https://repo.dev.wixpress.com/artifactory/api/npm/npm-repos/detect-node/-/detect-node-2.1.0.tgz"
    "version" "2.1.0"
  
  "dom-serializer@~0.1.0":
    "integrity" "sha1-HsQFnihLq+027sKUHUqXChic58A="
    "resolved" "https://repo.dev.wixpress.com/artifactory/api/npm/npm-repos/dom-serializer/-/dom-serializer-0.1.1.tgz"
    "version" "0.1.1"
    dependencies:
      "domelementtype" "^1.3.0"
      "entities" "^1.1.1"
  
  "dom-serializer@0":
    "integrity" "sha1-GvuB9TNxcXXUeGVd68XjMtn5u1E="
    "resolved" "https://repo.dev.wixpress.com/artifactory/api/npm/npm-repos/dom-serializer/-/dom-serializer-0.2.2.tgz"
    "version" "0.2.2"
    dependencies:
      "domelementtype" "^2.0.1"
      "entities" "^2.0.0"
  
  "domelementtype@^1.3.0", "domelementtype@^1.3.1", "domelementtype@1":
    "integrity" "sha1-0EjESzew0Qp/Kj1f7j9DM9eQSB8="
    "resolved" "https://repo.dev.wixpress.com/artifactory/api/npm/npm-repos/domelementtype/-/domelementtype-1.3.1.tgz"
    "version" "1.3.1"
  
  "domelementtype@^2.0.1":
    "integrity" "sha1-XEXo6GmVJiYzHXqrMm0B2vZdWJ0="
    "resolved" "https://repo.dev.wixpress.com/artifactory/api/npm/npm-repos/domelementtype/-/domelementtype-2.3.0.tgz"
    "version" "2.3.0"
  
  "domhandler@^2.3.0":
    "integrity" "sha1-iAUJfpM9ZehVRvcm1g9euItE+AM="
    "resolved" "https://repo.dev.wixpress.com/artifactory/api/npm/npm-repos/domhandler/-/domhandler-2.4.2.tgz"
    "version" "2.4.2"
    dependencies:
      "domelementtype" "1"
  
  "domutils@^1.5.1":
    "integrity" "sha1-Vuo0HoNOBuZ0ivehyyXaZ+qfjCo="
    "resolved" "https://repo.dev.wixpress.com/artifactory/api/npm/npm-repos/domutils/-/domutils-1.7.0.tgz"
    "version" "1.7.0"
    dependencies:
      "dom-serializer" "0"
      "domelementtype" "1"
  
  "domutils@1.5.1":
    "integrity" "sha1-3NhIiib1Y9YQeeSMn3t+Mjc2gs8="
    "resolved" "https://repo.dev.wixpress.com/artifactory/api/npm/npm-repos/domutils/-/domutils-1.5.1.tgz"
    "version" "1.5.1"
    dependencies:
      "dom-serializer" "0"
      "domelementtype" "1"
  
  "duplexer3@^0.1.4":
    "integrity" "sha1-7gHdHKwO08vH/b6jfcCo8c4ALOI="
    "resolved" "https://repo.dev.wixpress.com/artifactory/api/npm/npm-repos/duplexer3/-/duplexer3-0.1.4.tgz"
    "version" "0.1.4"
  
  "eeto@0.0.4":
    "integrity" "sha1-cvPvNGCpRxWlHVdVbhBk+tggabY="
    "resolved" "https://repo.dev.wixpress.com/artifactory/api/npm/npm-repos/eeto/-/eeto-0.0.4.tgz"
    "version" "0.0.4"
  
  "electron@~10.1.1":
    "integrity" "sha1-qZVx4Mt05mnZYHDuFK0wi/tORvE="
    "resolved" "https://repo.dev.wixpress.com/artifactory/api/npm/npm-repos/electron/-/electron-10.1.7.tgz"
    "version" "10.1.7"
    dependencies:
      "@electron/get" "^1.0.1"
      "@types/node" "^12.0.12"
      "extract-zip" "^1.0.3"
  
  "eleko@~0.5.2":
    "integrity" "sha1-IYW0ldHsuuUqdYZ3SH+2JhwDiBk="
    "resolved" "https://repo.dev.wixpress.com/artifactory/api/npm/npm-repos/eleko/-/eleko-0.5.2.tgz"
    "version" "0.5.2"
    dependencies:
      "eeto" "0.0.4"
      "nozombie" "~1.1.0"
      "parse-function" "~5.6.5"
      "rimraf" "~3.0.2"
  
  "emoji-regex@^8.0.0":
    "integrity" "sha1-6Bj9ac5cz8tARZT4QpY79TFkzDc="
    "resolved" "https://repo.dev.wixpress.com/artifactory/api/npm/npm-repos/emoji-regex/-/emoji-regex-8.0.0.tgz"
    "version" "8.0.0"
  
  "encodeurl@^1.0.2":
    "integrity" "sha1-rT/0yG7C0CkyL1oCw6mmBslbP1k="
    "resolved" "https://repo.dev.wixpress.com/artifactory/api/npm/npm-repos/encodeurl/-/encodeurl-1.0.2.tgz"
    "version" "1.0.2"
  
  "end-of-stream@^1.1.0":
    "integrity" "sha1-WuZKX0UFe682JuwU2gyl5LJDHrA="
    "resolved" "https://repo.dev.wixpress.com/artifactory/api/npm/npm-repos/end-of-stream/-/end-of-stream-1.4.4.tgz"
    "version" "1.4.4"
    dependencies:
      "once" "^1.4.0"
  
  "entities@^1.1.1", "entities@~1.1.1":
    "integrity" "sha1-vfpzUplmTfr9NFKe1PhSKidf6lY="
    "resolved" "https://repo.dev.wixpress.com/artifactory/api/npm/npm-repos/entities/-/entities-1.1.2.tgz"
    "version" "1.1.2"
  
  "entities@^2.0.0":
    "integrity" "sha1-CY3JDruD2N/6CJ1VJWs1HTTE2lU="
    "resolved" "https://repo.dev.wixpress.com/artifactory/api/npm/npm-repos/entities/-/entities-2.2.0.tgz"
    "version" "2.2.0"
  
  "env-paths@^2.2.0":
    "integrity" "sha1-QgOZ1BbOH76bwKB8Yvpo1n/Q+PI="
    "resolved" "https://repo.dev.wixpress.com/artifactory/api/npm/npm-repos/env-paths/-/env-paths-2.2.1.tgz"
    "version" "2.2.1"
  
  "es5-ext@^0.10.12", "es5-ext@^0.10.35", "es5-ext@^0.10.46", "es5-ext@^0.10.50", "es5-ext@^0.10.53", "es5-ext@^0.10.59", "es5-ext@~0.10.14", "es5-ext@~0.10.2", "es5-ext@~0.10.46":
    "integrity" "sha1-MR3jeUnvhraw3OqJTR/+25CdMmk="
    "resolved" "https://repo.dev.wixpress.com/artifactory/api/npm/npm-repos/es5-ext/-/es5-ext-0.10.61.tgz"
    "version" "0.10.61"
    dependencies:
      "es6-iterator" "^2.0.3"
      "es6-symbol" "^3.1.3"
      "next-tick" "^1.1.0"
  
  "es6-error@^4.1.1":
    "integrity" "sha1-njr0B0Wd7tR+mpH5uIWoTrBcVh0="
    "resolved" "https://repo.dev.wixpress.com/artifactory/api/npm/npm-repos/es6-error/-/es6-error-4.1.1.tgz"
    "version" "4.1.1"
  
  "es6-iterator@^2.0.3", "es6-iterator@2":
    "integrity" "sha1-p96IkUGgWpSwhUQDstCg+/qY87c="
    "resolved" "https://repo.dev.wixpress.com/artifactory/api/npm/npm-repos/es6-iterator/-/es6-iterator-2.0.3.tgz"
    "version" "2.0.3"
    dependencies:
      "d" "1"
      "es5-ext" "^0.10.35"
      "es6-symbol" "^3.1.1"
  
  "es6-symbol@^3.1.1", "es6-symbol@^3.1.3":
    "integrity" "sha1-utXTwbzawoJp9MszHkMceKxwXRg="
    "resolved" "https://repo.dev.wixpress.com/artifactory/api/npm/npm-repos/es6-symbol/-/es6-symbol-3.1.3.tgz"
    "version" "3.1.3"
    dependencies:
      "d" "^1.0.1"
      "ext" "^1.1.2"
  
  "es6-weak-map@^2.0.3":
    "integrity" "sha1-ttofFswswNm+Q+a9v8Xn383zHVM="
    "resolved" "https://repo.dev.wixpress.com/artifactory/api/npm/npm-repos/es6-weak-map/-/es6-weak-map-2.0.3.tgz"
    "version" "2.0.3"
    dependencies:
      "d" "1"
      "es5-ext" "^0.10.46"
      "es6-iterator" "^2.0.3"
      "es6-symbol" "^3.1.1"
  
  "escalade@^3.1.1":
    "integrity" "sha1-2M/ccACWXFoBdLSoLqpcBVJ0LkA="
    "resolved" "https://repo.dev.wixpress.com/artifactory/api/npm/npm-repos/escalade/-/escalade-3.1.1.tgz"
    "version" "3.1.1"
  
  "escape-string-regexp@^4.0.0":
    "integrity" "sha1-FLqDpdNz49MR5a/KKc9b+tllvzQ="
    "resolved" "https://repo.dev.wixpress.com/artifactory/api/npm/npm-repos/escape-string-regexp/-/escape-string-regexp-4.0.0.tgz"
    "version" "4.0.0"
  
  "event-emitter@^0.3.5":
    "integrity" "sha1-34xp7vFkeSPHFXuc6DhAYQsCzDk="
    "resolved" "https://repo.dev.wixpress.com/artifactory/api/npm/npm-repos/event-emitter/-/event-emitter-0.3.5.tgz"
    "version" "0.3.5"
    dependencies:
      "d" "1"
      "es5-ext" "~0.10.14"
  
  "ext@^1.1.2":
    "integrity" "sha1-OHHVBkHodMwXLitT+RmELRnbTFI="
    "resolved" "https://repo.dev.wixpress.com/artifactory/api/npm/npm-repos/ext/-/ext-1.6.0.tgz"
    "version" "1.6.0"
    dependencies:
      "type" "^2.5.0"
  
  "extract-zip@^1.0.3":
    "integrity" "sha1-VWzDrp339FLEk6DPtRzDAneUCSc="
    "resolved" "https://repo.dev.wixpress.com/artifactory/api/npm/npm-repos/extract-zip/-/extract-zip-1.7.0.tgz"
    "version" "1.7.0"
    dependencies:
      "concat-stream" "^1.6.2"
      "debug" "^2.6.9"
      "mkdirp" "^0.5.4"
      "yauzl" "^2.10.0"
  
  "fd-slicer@~1.1.0":
    "integrity" "sha1-JcfInLH5B3+IkbvmHY85Dq4lbx4="
    "resolved" "https://repo.dev.wixpress.com/artifactory/api/npm/npm-repos/fd-slicer/-/fd-slicer-1.1.0.tgz"
    "version" "1.1.0"
    dependencies:
      "pend" "~1.2.0"
  
  "follow-redirects@^1.14.9":
    "integrity" "sha1-DKakUjBsmyduTTEnSD4pV14getU="
    "resolved" "https://repo.dev.wixpress.com/artifactory/api/npm/npm-repos/follow-redirects/-/follow-redirects-1.15.1.tgz"
    "version" "1.15.1"
  
  "form-data@^4.0.0":
    "integrity" "sha1-k5Gdrq82HuUpWEubMWZNwSyfpFI="
    "resolved" "https://repo.dev.wixpress.com/artifactory/api/npm/npm-repos/form-data/-/form-data-4.0.0.tgz"
    "version" "4.0.0"
    dependencies:
      "asynckit" "^0.4.0"
      "combined-stream" "^1.0.8"
      "mime-types" "^2.1.12"
  
  "fs-extra@^8.1.0":
    "integrity" "sha1-SdQ8RaiM2Wd2aMt74bRu/bjS4cA="
    "resolved" "https://repo.dev.wixpress.com/artifactory/api/npm/npm-repos/fs-extra/-/fs-extra-8.1.0.tgz"
    "version" "8.1.0"
    dependencies:
      "graceful-fs" "^4.2.0"
      "jsonfile" "^4.0.0"
      "universalify" "^0.1.0"
  
  "fs.realpath@^1.0.0":
    "integrity" "sha1-FQStJSMVjKpA20onh8sBQRmU6k8="
    "resolved" "https://repo.dev.wixpress.com/artifactory/api/npm/npm-repos/fs.realpath/-/fs.realpath-1.0.0.tgz"
    "version" "1.0.0"
  
  "function-bind@^1.1.1":
    "integrity" "sha1-pWiZ0+o8m6uHS7l3O3xe3pL0iV0="
    "resolved" "https://repo.dev.wixpress.com/artifactory/api/npm/npm-repos/function-bind/-/function-bind-1.1.1.tgz"
    "version" "1.1.1"
  
  "get-caller-file@^2.0.5":
    "integrity" "sha1-T5RBKoLbMvNuOwuXQfipf+sDH34="
    "resolved" "https://repo.dev.wixpress.com/artifactory/api/npm/npm-repos/get-caller-file/-/get-caller-file-2.0.5.tgz"
    "version" "2.0.5"
  
  "get-intrinsic@^1.1.1":
    "integrity" "sha1-M2l1Ej4FrQt7pB8VLuSq2+ps9Zg="
    "resolved" "https://repo.dev.wixpress.com/artifactory/api/npm/npm-repos/get-intrinsic/-/get-intrinsic-1.1.2.tgz"
    "version" "1.1.2"
    dependencies:
      "function-bind" "^1.1.1"
      "has" "^1.0.3"
      "has-symbols" "^1.0.3"
  
  "get-stream@^4.1.0":
    "integrity" "sha1-wbJVV189wh1Zv8ec09K0axw6VLU="
    "resolved" "https://repo.dev.wixpress.com/artifactory/api/npm/npm-repos/get-stream/-/get-stream-4.1.0.tgz"
    "version" "4.1.0"
    dependencies:
      "pump" "^3.0.0"
  
  "get-stream@^5.1.0":
    "integrity" "sha1-SWaheV7lrOZecGxLe+txJX1uItM="
    "resolved" "https://repo.dev.wixpress.com/artifactory/api/npm/npm-repos/get-stream/-/get-stream-5.2.0.tgz"
    "version" "5.2.0"
    dependencies:
      "pump" "^3.0.0"
  
  "glob@^7.0.0", "glob@^7.1.3":
    "integrity" "sha1-uN8PuAK7+o6JvR2Ti04WV47UTys="
    "resolved" "https://repo.dev.wixpress.com/artifactory/api/npm/npm-repos/glob/-/glob-7.2.3.tgz"
    "version" "7.2.3"
    dependencies:
      "fs.realpath" "^1.0.0"
      "inflight" "^1.0.4"
      "inherits" "2"
      "minimatch" "^3.1.1"
      "once" "^1.3.0"
      "path-is-absolute" "^1.0.0"
  
  "global-agent@^3.0.0":
    "integrity" "sha1-rnzTG9NYO5PFoWQ3oa/ifMM6GrY="
    "resolved" "https://repo.dev.wixpress.com/artifactory/api/npm/npm-repos/global-agent/-/global-agent-3.0.0.tgz"
    "version" "3.0.0"
    dependencies:
      "boolean" "^3.0.1"
      "es6-error" "^4.1.1"
      "matcher" "^3.0.0"
      "roarr" "^2.15.3"
      "semver" "^7.3.2"
      "serialize-error" "^7.0.1"
  
  "global-tunnel-ng@^2.7.1":
    "integrity" "sha1-0DtRAt/eOmmRT17n2GdhyjXVfY8="
    "resolved" "https://repo.dev.wixpress.com/artifactory/api/npm/npm-repos/global-tunnel-ng/-/global-tunnel-ng-2.7.1.tgz"
    "version" "2.7.1"
    dependencies:
      "encodeurl" "^1.0.2"
      "lodash" "^4.17.10"
      "npm-conf" "^1.1.3"
      "tunnel" "^0.0.6"
  
  "globalthis@^1.0.1":
    "integrity" "sha1-WFKIKlK4DcMBsGYCc+HtCC8LbM8="
    "resolved" "https://repo.dev.wixpress.com/artifactory/api/npm/npm-repos/globalthis/-/globalthis-1.0.3.tgz"
    "version" "1.0.3"
    dependencies:
      "define-properties" "^1.1.3"
  
  "got@^9.6.0":
    "integrity" "sha1-7fRefWf5lUVwXeH3u+7rEhdl7YU="
    "resolved" "https://repo.dev.wixpress.com/artifactory/api/npm/npm-repos/got/-/got-9.6.0.tgz"
    "version" "9.6.0"
    dependencies:
      "@sindresorhus/is" "^0.14.0"
      "@szmarczak/http-timer" "^1.1.2"
      "cacheable-request" "^6.0.0"
      "decompress-response" "^3.3.0"
      "duplexer3" "^0.1.4"
      "get-stream" "^4.1.0"
      "lowercase-keys" "^1.0.1"
      "mimic-response" "^1.0.1"
      "p-cancelable" "^1.0.0"
      "to-readable-stream" "^1.0.0"
      "url-parse-lax" "^3.0.0"
  
  "graceful-fs@^4.1.6", "graceful-fs@^4.2.0":
    "integrity" "sha1-FH06AG2kyjzhRyjHrvwofDZ9emw="
    "resolved" "https://repo.dev.wixpress.com/artifactory/api/npm/npm-repos/graceful-fs/-/graceful-fs-4.2.10.tgz"
    "version" "4.2.10"
  
  "growly@^1.3.0":
    "integrity" "sha1-8QdIy+dq+WS3yWyTxrzCivEgwIE="
    "resolved" "https://repo.dev.wixpress.com/artifactory/api/npm/npm-repos/growly/-/growly-1.3.0.tgz"
    "version" "1.3.0"
  
  "has-property-descriptors@^1.0.0":
    "integrity" "sha1-YQcIYAYG02lh7QTBlhk7amB/qGE="
    "resolved" "https://repo.dev.wixpress.com/artifactory/api/npm/npm-repos/has-property-descriptors/-/has-property-descriptors-1.0.0.tgz"
    "version" "1.0.0"
    dependencies:
      "get-intrinsic" "^1.1.1"
  
  "has-symbols@^1.0.3":
    "integrity" "sha1-u3ssQ0klHc6HsSX3vfh0qnyLOfg="
    "resolved" "https://repo.dev.wixpress.com/artifactory/api/npm/npm-repos/has-symbols/-/has-symbols-1.0.3.tgz"
    "version" "1.0.3"
  
  "has@^1.0.3":
    "integrity" "sha1-ci18v8H2qoJB8W3YFOAR4fQeh5Y="
    "resolved" "https://repo.dev.wixpress.com/artifactory/api/npm/npm-repos/has/-/has-1.0.3.tgz"
    "version" "1.0.3"
    dependencies:
      "function-bind" "^1.1.1"
  
  "htmlparser2@^3.9.1":
    "integrity" "sha1-vWedw/WYl7ajS7EHSchVu1OpOS8="
    "resolved" "https://repo.dev.wixpress.com/artifactory/api/npm/npm-repos/htmlparser2/-/htmlparser2-3.10.1.tgz"
    "version" "3.10.1"
    dependencies:
      "domelementtype" "^1.3.1"
      "domhandler" "^2.3.0"
      "domutils" "^1.5.1"
      "entities" "^1.1.1"
      "inherits" "^2.0.1"
      "readable-stream" "^3.1.1"
  
  "http-cache-semantics@^4.0.0":
    "integrity" "sha1-SekcXL82yblLz81xwj1SSex045A="
    "resolved" "https://repo.dev.wixpress.com/artifactory/api/npm/npm-repos/http-cache-semantics/-/http-cache-semantics-4.1.0.tgz"
    "version" "4.1.0"
  
  "human-time@0.0.2":
    "integrity" "sha1-Vm0ERS71wkdVxGW3tQ+hA8QTBsk="
    "resolved" "https://repo.dev.wixpress.com/artifactory/api/npm/npm-repos/human-time/-/human-time-0.0.2.tgz"
    "version" "0.0.2"
  
  "inflight@^1.0.4":
    "integrity" "sha1-Sb1jMdfQLQwJvJEKEHW6gWW1bfk="
    "resolved" "https://repo.dev.wixpress.com/artifactory/api/npm/npm-repos/inflight/-/inflight-1.0.6.tgz"
    "version" "1.0.6"
    dependencies:
      "once" "^1.3.0"
      "wrappy" "1"
  
  "inherits@^2.0.1", "inherits@^2.0.3", "inherits@~2.0.3", "inherits@2":
    "integrity" "sha1-D6LGT5MpF8NDOg3tVTY6rjdBa3w="
    "resolved" "https://repo.dev.wixpress.com/artifactory/api/npm/npm-repos/inherits/-/inherits-2.0.4.tgz"
    "version" "2.0.4"
  
  "inherits@2.0.3":
    "integrity" "sha1-Yzwsg+PaQqUC9SRmAiSA9CCCYd4="
    "resolved" "https://repo.dev.wixpress.com/artifactory/api/npm/npm-repos/inherits/-/inherits-2.0.3.tgz"
    "version" "2.0.3"
  
  "ini@^1.3.4":
    "integrity" "sha1-op2kJbSIBvNHZ6Tvzjlyaa8oQyw="
    "resolved" "https://repo.dev.wixpress.com/artifactory/api/npm/npm-repos/ini/-/ini-1.3.8.tgz"
    "version" "1.3.8"
  
  "interpret@^1.0.0":
    "integrity" "sha1-Zlq4vE2iendKQFhOgS4+D6RbGh4="
    "resolved" "https://repo.dev.wixpress.com/artifactory/api/npm/npm-repos/interpret/-/interpret-1.4.0.tgz"
    "version" "1.4.0"
  
  "is-accessor-descriptor@^1.0.0":
    "integrity" "sha1-FpwvbT3x+ZJhgHI2XJsOofaHhlY="
    "resolved" "https://repo.dev.wixpress.com/artifactory/api/npm/npm-repos/is-accessor-descriptor/-/is-accessor-descriptor-1.0.0.tgz"
    "version" "1.0.0"
    dependencies:
      "kind-of" "^6.0.0"
  
  "is-buffer@^1.1.5":
    "integrity" "sha1-76ouqdqg16suoTqXsritUf776L4="
    "resolved" "https://repo.dev.wixpress.com/artifactory/api/npm/npm-repos/is-buffer/-/is-buffer-1.1.6.tgz"
    "version" "1.1.6"
  
  "is-core-module@^2.8.1":
    "integrity" "sha1-4cNEKc1Rxt2eCeB5njluJ7GanGk="
    "resolved" "https://repo.dev.wixpress.com/artifactory/api/npm/npm-repos/is-core-module/-/is-core-module-2.9.0.tgz"
    "version" "2.9.0"
    dependencies:
      "has" "^1.0.3"
  
  "is-data-descriptor@^1.0.0":
    "integrity" "sha1-2Eh2Mh0Oet0DmQQGq7u9NrqSaMc="
    "resolved" "https://repo.dev.wixpress.com/artifactory/api/npm/npm-repos/is-data-descriptor/-/is-data-descriptor-1.0.0.tgz"
    "version" "1.0.0"
    dependencies:
      "kind-of" "^6.0.0"
  
  "is-descriptor@^1.0.0":
    "integrity" "sha1-OxWXRqZmBLBPjIFSS6NlxfFNhuw="
    "resolved" "https://repo.dev.wixpress.com/artifactory/api/npm/npm-repos/is-descriptor/-/is-descriptor-1.0.2.tgz"
    "version" "1.0.2"
    dependencies:
      "is-accessor-descriptor" "^1.0.0"
      "is-data-descriptor" "^1.0.0"
      "kind-of" "^6.0.2"
  
  "is-docker@^2.0.0":
    "integrity" "sha1-M+6r4jz+hvFL3kQIoCwM+4U6zao="
    "resolved" "https://repo.dev.wixpress.com/artifactory/api/npm/npm-repos/is-docker/-/is-docker-2.2.1.tgz"
    "version" "2.2.1"
  
  "is-fullwidth-code-point@^2.0.0":
    "integrity" "sha1-o7MKXE8ZkYMWeqq5O+764937ZU8="
    "resolved" "https://repo.dev.wixpress.com/artifactory/api/npm/npm-repos/is-fullwidth-code-point/-/is-fullwidth-code-point-2.0.0.tgz"
    "version" "2.0.0"
  
  "is-fullwidth-code-point@^3.0.0":
    "integrity" "sha1-8Rb4Bk/pCz94RKOJl8C3UFEmnx0="
    "resolved" "https://repo.dev.wixpress.com/artifactory/api/npm/npm-repos/is-fullwidth-code-point/-/is-fullwidth-code-point-3.0.0.tgz"
    "version" "3.0.0"
  
  "is-number@^3.0.0":
    "integrity" "sha1-JP1iAaR4LPUFYcgQJ2r8fRLXEZU="
    "resolved" "https://repo.dev.wixpress.com/artifactory/api/npm/npm-repos/is-number/-/is-number-3.0.0.tgz"
    "version" "3.0.0"
    dependencies:
      "kind-of" "^3.0.2"
  
  "is-promise@^2.2.2":
    "integrity" "sha1-OauVnMv5p3TPB597QMeib3YxNfE="
    "resolved" "https://repo.dev.wixpress.com/artifactory/api/npm/npm-repos/is-promise/-/is-promise-2.2.2.tgz"
    "version" "2.2.2"
  
  "is-stream@^2.0.0":
    "integrity" "sha1-+sHj1TuXrVqdCunO8jifWBClwHc="
    "resolved" "https://repo.dev.wixpress.com/artifactory/api/npm/npm-repos/is-stream/-/is-stream-2.0.1.tgz"
    "version" "2.0.1"
  
  "is-wsl@^2.2.0":
    "integrity" "sha1-dKTHbnfKn9P5MvKQwX6jJs0VcnE="
    "resolved" "https://repo.dev.wixpress.com/artifactory/api/npm/npm-repos/is-wsl/-/is-wsl-2.2.0.tgz"
    "version" "2.2.0"
    dependencies:
      "is-docker" "^2.0.0"
  
  "isarray@~1.0.0":
    "integrity" "sha1-u5NdSFgsuhaMBoNJV6VKPgcSTxE="
    "resolved" "https://repo.dev.wixpress.com/artifactory/api/npm/npm-repos/isarray/-/isarray-1.0.0.tgz"
    "version" "1.0.0"
  
  "isexe@^2.0.0":
    "integrity" "sha1-6PvzdNxVb/iUehDcsFctYz8s+hA="
    "resolved" "https://repo.dev.wixpress.com/artifactory/api/npm/npm-repos/isexe/-/isexe-2.0.0.tgz"
    "version" "2.0.0"
  
  "json-buffer@3.0.0":
    "integrity" "sha1-Wx85evx11ne96Lz8Dkfh+aPZqJg="
    "resolved" "https://repo.dev.wixpress.com/artifactory/api/npm/npm-repos/json-buffer/-/json-buffer-3.0.0.tgz"
    "version" "3.0.0"
  
  "json-stringify-safe@^5.0.1":
    "integrity" "sha1-Epai1Y/UXxmg9s4B1lcB4sc1tus="
    "resolved" "https://repo.dev.wixpress.com/artifactory/api/npm/npm-repos/json-stringify-safe/-/json-stringify-safe-5.0.1.tgz"
    "version" "5.0.1"
  
  "jsonfile@^4.0.0":
    "integrity" "sha1-h3Gq4HmbZAdrdmQPygWPnBDjPss="
    "resolved" "https://repo.dev.wixpress.com/artifactory/api/npm/npm-repos/jsonfile/-/jsonfile-4.0.0.tgz"
    "version" "4.0.0"
    optionalDependencies:
      "graceful-fs" "^4.1.6"
  
  "jsonpath-plus@~5.0.2":
    "integrity" "sha1-lftDfrtpxnWVIIcRppyVc1y/9Fs="
    "resolved" "https://repo.dev.wixpress.com/artifactory/api/npm/npm-repos/jsonpath-plus/-/jsonpath-plus-5.0.7.tgz"
    "version" "5.0.7"
  
  "keypress@~0.2.1":
    "integrity" "sha1-HoBFQlABjbrUw/6USX1uZ7YmnHc="
    "resolved" "https://repo.dev.wixpress.com/artifactory/api/npm/npm-repos/keypress/-/keypress-0.2.1.tgz"
    "version" "0.2.1"
  
  "keyv@^3.0.0":
    "integrity" "sha1-7MIoSG9pmR5J6UdkhaW+Ho/FxNk="
    "resolved" "https://repo.dev.wixpress.com/artifactory/api/npm/npm-repos/keyv/-/keyv-3.1.0.tgz"
    "version" "3.1.0"
    dependencies:
      "json-buffer" "3.0.0"
  
  "kind-of@^3.0.2":
    "integrity" "sha1-MeohpzS6ubuw8yRm2JOupR5KPGQ="
    "resolved" "https://repo.dev.wixpress.com/artifactory/api/npm/npm-repos/kind-of/-/kind-of-3.2.2.tgz"
    "version" "3.2.2"
    dependencies:
      "is-buffer" "^1.1.5"
  
  "kind-of@^6.0.0", "kind-of@^6.0.2":
    "integrity" "sha1-B8BQNKbDSfoG4k+jWqdttFgM5N0="
    "resolved" "https://repo.dev.wixpress.com/artifactory/api/npm/npm-repos/kind-of/-/kind-of-6.0.3.tgz"
    "version" "6.0.3"
  
  "lodash.assignin@^4.0.9":
    "integrity" "sha1-uo31+4QesKPoBEIysOJjqNxqKKI="
    "resolved" "https://repo.dev.wixpress.com/artifactory/api/npm/npm-repos/lodash.assignin/-/lodash.assignin-4.2.0.tgz"
    "version" "4.2.0"
  
  "lodash.bind@^4.1.4":
    "integrity" "sha1-euMBfpOWIqwxt9fX3LGzTbFpDTU="
    "resolved" "https://repo.dev.wixpress.com/artifactory/api/npm/npm-repos/lodash.bind/-/lodash.bind-4.2.1.tgz"
    "version" "4.2.1"
  
  "lodash.defaults@^4.0.1":
    "integrity" "sha1-0JF4cW/+pN3p5ft7N/bwgCJ0WAw="
    "resolved" "https://repo.dev.wixpress.com/artifactory/api/npm/npm-repos/lodash.defaults/-/lodash.defaults-4.2.0.tgz"
    "version" "4.2.0"
  
  "lodash.filter@^4.4.0":
    "integrity" "sha1-ZosdSYFgOuHMWm+nYBQ+SAtMSs4="
    "resolved" "https://repo.dev.wixpress.com/artifactory/api/npm/npm-repos/lodash.filter/-/lodash.filter-4.6.0.tgz"
    "version" "4.6.0"
  
  "lodash.flatten@^4.2.0":
    "integrity" "sha1-8xwiIlqWMtK7+OSt2+8kCqdlph8="
    "resolved" "https://repo.dev.wixpress.com/artifactory/api/npm/npm-repos/lodash.flatten/-/lodash.flatten-4.4.0.tgz"
    "version" "4.4.0"
  
  "lodash.foreach@^4.3.0":
    "integrity" "sha1-Gmo16s5AEoDH8G3d7DUWWrJ+PlM="
    "resolved" "https://repo.dev.wixpress.com/artifactory/api/npm/npm-repos/lodash.foreach/-/lodash.foreach-4.5.0.tgz"
    "version" "4.5.0"
  
  "lodash.map@^4.4.0":
    "integrity" "sha1-dx7Hg540c9nEzeKLGTlMNWL09tM="
    "resolved" "https://repo.dev.wixpress.com/artifactory/api/npm/npm-repos/lodash.map/-/lodash.map-4.6.0.tgz"
    "version" "4.6.0"
  
  "lodash.merge@^4.4.0":
    "integrity" "sha1-VYqlO0O2YeGSWgr9+japoQhf5Xo="
    "resolved" "https://repo.dev.wixpress.com/artifactory/api/npm/npm-repos/lodash.merge/-/lodash.merge-4.6.2.tgz"
    "version" "4.6.2"
  
  "lodash.pick@^4.2.1":
    "integrity" "sha1-UvBWEP/53tQiYRRB7R/BI6AwAbM="
    "resolved" "https://repo.dev.wixpress.com/artifactory/api/npm/npm-repos/lodash.pick/-/lodash.pick-4.4.0.tgz"
    "version" "4.4.0"
  
  "lodash.reduce@^4.4.0":
    "integrity" "sha1-8atrg5KZrUj3hKu/R2WW8DuRTTs="
    "resolved" "https://repo.dev.wixpress.com/artifactory/api/npm/npm-repos/lodash.reduce/-/lodash.reduce-4.6.0.tgz"
    "version" "4.6.0"
  
  "lodash.reject@^4.4.0":
    "integrity" "sha1-gNZJLcFHCGS79YNTO2UfQqn1JBU="
    "resolved" "https://repo.dev.wixpress.com/artifactory/api/npm/npm-repos/lodash.reject/-/lodash.reject-4.6.0.tgz"
    "version" "4.6.0"
  
  "lodash.some@^4.4.0":
    "integrity" "sha1-G7nzFO9ri63tE7VJFpsqlF62jk0="
    "resolved" "https://repo.dev.wixpress.com/artifactory/api/npm/npm-repos/lodash.some/-/lodash.some-4.6.0.tgz"
    "version" "4.6.0"
  
  "lodash@^4.17.10":
    "integrity" "sha1-Z5WRxWTDv/quhFTPCz3zcMPWkRw="
    "resolved" "https://repo.dev.wixpress.com/artifactory/api/npm/npm-repos/lodash/-/lodash-4.17.21.tgz"
    "version" "4.17.21"
  
  "lowercase-keys@^1.0.0", "lowercase-keys@^1.0.1":
    "integrity" "sha1-b54wtHCE2XGnyCD/FabFFnt0wm8="
    "resolved" "https://repo.dev.wixpress.com/artifactory/api/npm/npm-repos/lowercase-keys/-/lowercase-keys-1.0.1.tgz"
    "version" "1.0.1"
  
  "lowercase-keys@^2.0.0":
    "integrity" "sha1-JgPni3tLAAbLyi+8yKMgJVislHk="
    "resolved" "https://repo.dev.wixpress.com/artifactory/api/npm/npm-repos/lowercase-keys/-/lowercase-keys-2.0.0.tgz"
    "version" "2.0.0"
  
  "lru-cache@^6.0.0":
    "integrity" "sha1-bW/mVw69lqr5D8rR2vo7JWbbOpQ="
    "resolved" "https://repo.dev.wixpress.com/artifactory/api/npm/npm-repos/lru-cache/-/lru-cache-6.0.0.tgz"
    "version" "6.0.0"
    dependencies:
      "yallist" "^4.0.0"
  
  "lru-queue@^0.1.0":
    "integrity" "sha1-Jzi9nw089PhEkMVzbEhpmsYyzaM="
    "resolved" "https://repo.dev.wixpress.com/artifactory/api/npm/npm-repos/lru-queue/-/lru-queue-0.1.0.tgz"
    "version" "0.1.0"
    dependencies:
      "es5-ext" "~0.10.2"
  
  "matcher@^3.0.0":
    "integrity" "sha1-vZBg9MW3CqgEHMxvgDaHYJlPMMo="
    "resolved" "https://repo.dev.wixpress.com/artifactory/api/npm/npm-repos/matcher/-/matcher-3.0.0.tgz"
    "version" "3.0.0"
    dependencies:
      "escape-string-regexp" "^4.0.0"
  
  "memoizee@^0.4.15", "memoizee@^0.4.3":
    "integrity" "sha1-5vPS2oY/MY0CIlORgppsWVZVW3I="
    "resolved" "https://repo.dev.wixpress.com/artifactory/api/npm/npm-repos/memoizee/-/memoizee-0.4.15.tgz"
    "version" "0.4.15"
    dependencies:
      "d" "^1.0.1"
      "es5-ext" "^0.10.53"
      "es6-weak-map" "^2.0.3"
      "event-emitter" "^0.3.5"
      "is-promise" "^2.2.2"
      "lru-queue" "^0.1.0"
      "next-tick" "^1.1.0"
      "timers-ext" "^0.1.7"
  
  "mime-db@1.52.0":
    "integrity" "sha1-u6vNwChZ9JhzAchW4zh85exDv3A="
    "resolved" "https://repo.dev.wixpress.com/artifactory/api/npm/npm-repos/mime-db/-/mime-db-1.52.0.tgz"
    "version" "1.52.0"
  
  "mime-types@^2.1.12":
    "integrity" "sha1-OBqHG2KnNEUGYK497uRIE/cNlZo="
    "resolved" "https://repo.dev.wixpress.com/artifactory/api/npm/npm-repos/mime-types/-/mime-types-2.1.35.tgz"
    "version" "2.1.35"
    dependencies:
      "mime-db" "1.52.0"
  
  "mimic-fn@^2.1.0":
    "integrity" "sha1-ftLCzMyvhNP/y3pptXcR/CCDQBs="
    "resolved" "https://repo.dev.wixpress.com/artifactory/api/npm/npm-repos/mimic-fn/-/mimic-fn-2.1.0.tgz"
    "version" "2.1.0"
  
  "mimic-response@^1.0.0", "mimic-response@^1.0.1":
    "integrity" "sha1-SSNTiHju9CBjy4o+OweYeBSHqxs="
    "resolved" "https://repo.dev.wixpress.com/artifactory/api/npm/npm-repos/mimic-response/-/mimic-response-1.0.1.tgz"
    "version" "1.0.1"
  
  "minimatch@^3.1.1":
    "integrity" "sha1-Gc0ZS/0+Qo8EmnCBfAONiatL41s="
    "resolved" "https://repo.dev.wixpress.com/artifactory/api/npm/npm-repos/minimatch/-/minimatch-3.1.2.tgz"
    "version" "3.1.2"
    dependencies:
      "brace-expansion" "^1.1.7"
  
  "minimatch@~3.0.4":
    "integrity" "sha1-XmpZvRHiqw3hz7hD6y2C5UbDIcE="
    "resolved" "https://repo.dev.wixpress.com/artifactory/api/npm/npm-repos/minimatch/-/minimatch-3.0.8.tgz"
    "version" "3.0.8"
    dependencies:
      "brace-expansion" "^1.1.7"
  
  "minimist@^1.2.6", "minimist@~1.2.0", "minimist@~1.2.5":
    "integrity" "sha1-hjelt1nqDW6YcCz7OpKDMjyTr0Q="
    "resolved" "https://repo.dev.wixpress.com/artifactory/api/npm/npm-repos/minimist/-/minimist-1.2.6.tgz"
    "version" "1.2.6"
  
  "mkdirp@^0.5.4":
    "integrity" "sha1-fe8D0kMtyuS6HWEURcSDlgYiVfY="
    "resolved" "https://repo.dev.wixpress.com/artifactory/api/npm/npm-repos/mkdirp/-/mkdirp-0.5.6.tgz"
    "version" "0.5.6"
    dependencies:
      "minimist" "^1.2.6"
  
  "ms@2.0.0":
    "integrity" "sha1-VgiurfwAvmwpAd9fmGF4jeDVl8g="
    "resolved" "https://repo.dev.wixpress.com/artifactory/api/npm/npm-repos/ms/-/ms-2.0.0.tgz"
    "version" "2.0.0"
  
  "ms@2.1.2":
    "integrity" "sha1-0J0fNXtEP0kzgqjrPM0YOHKuYAk="
    "resolved" "https://repo.dev.wixpress.com/artifactory/api/npm/npm-repos/ms/-/ms-2.1.2.tgz"
    "version" "2.1.2"
  
  "next-tick@^1.1.0", "next-tick@1":
    "integrity" "sha1-GDbuMK1W1n7ygbIr0Zn3CUSbNes="
    "resolved" "https://repo.dev.wixpress.com/artifactory/api/npm/npm-repos/next-tick/-/next-tick-1.1.0.tgz"
    "version" "1.1.0"
  
  "node-fzf@~0.5.1":
    "integrity" "sha1-adrhwZdoJQWwIVj8aJlgp4p/C0o="
    "resolved" "https://repo.dev.wixpress.com/artifactory/api/npm/npm-repos/node-fzf/-/node-fzf-0.5.3.tgz"
    "version" "0.5.3"
    dependencies:
      "cli-color" "~1.2.0"
      "keypress" "~0.2.1"
      "minimist" "~1.2.0"
      "redstar" "0.0.2"
      "string-width" "~2.1.1"
      "ttys" "0.0.3"
  
  "node-fzf@~0.8.0":
    "integrity" "sha1-wVvxgr1ojYjSmev2MPUcIxZVOjQ="
    "resolved" "https://repo.dev.wixpress.com/artifactory/api/npm/npm-repos/node-fzf/-/node-fzf-0.8.0.tgz"
    "version" "0.8.0"
    dependencies:
      "cli-color" "~1.2.0"
      "keypress" "~0.2.1"
      "minimist" "~1.2.5"
      "redstar" "0.0.2"
      "restore-cursor" "~3.1.0"
      "string-width" "~2.1.1"
      "ttys" "0.0.3"
      "window-size" "~1.1.1"
  
  "node-notifier@^10.0.1":
    "integrity" "sha1-DoIBShWoRWxM/NslhYdQOZrl8cc="
    "resolved" "https://repo.dev.wixpress.com/artifactory/api/npm/npm-repos/node-notifier/-/node-notifier-10.0.1.tgz"
    "version" "10.0.1"
    dependencies:
      "growly" "^1.3.0"
      "is-wsl" "^2.2.0"
      "semver" "^7.3.5"
      "shellwords" "^0.1.1"
      "uuid" "^8.3.2"
      "which" "^2.0.2"
  
  "normalize-url@^4.1.0":
    "integrity" "sha1-DdkM8SiO4dExO4cIHJpZMu5IUYo="
    "resolved" "https://repo.dev.wixpress.com/artifactory/api/npm/npm-repos/normalize-url/-/normalize-url-4.5.1.tgz"
    "version" "4.5.1"
  
  "nozombie@~1.1.0":
    "integrity" "sha1-F40/AIDlom6lvjijk1dCcq3hXS8="
    "resolved" "https://repo.dev.wixpress.com/artifactory/api/npm/npm-repos/nozombie/-/nozombie-1.1.0.tgz"
    "version" "1.1.0"
    dependencies:
      "tempy" "~0.6.0"
      "tree-kill" "~1.2.2"
  
  "npm-conf@^1.1.3":
    "integrity" "sha1-JWzEe9DiGMJZxOlVC/QTvCGSr/k="
    "resolved" "https://repo.dev.wixpress.com/artifactory/api/npm/npm-repos/npm-conf/-/npm-conf-1.1.3.tgz"
    "version" "1.1.3"
    dependencies:
      "config-chain" "^1.1.11"
      "pify" "^3.0.0"
  
  "nth-check@~1.0.1":
    "integrity" "sha1-sr0pXDfj3VijvwcAN2Zjuk2c8Fw="
    "resolved" "https://repo.dev.wixpress.com/artifactory/api/npm/npm-repos/nth-check/-/nth-check-1.0.2.tgz"
    "version" "1.0.2"
    dependencies:
      "boolbase" "~1.0.0"
  
  "object-keys@^1.1.1":
    "integrity" "sha1-HEfyct8nfzsdrwYWd9nILiMixg4="
    "resolved" "https://repo.dev.wixpress.com/artifactory/api/npm/npm-repos/object-keys/-/object-keys-1.1.1.tgz"
    "version" "1.1.1"
  
  "once@^1.3.0", "once@^1.3.1", "once@^1.4.0":
    "integrity" "sha1-WDsap3WWHUsROsF9nFC6753Xa9E="
    "resolved" "https://repo.dev.wixpress.com/artifactory/api/npm/npm-repos/once/-/once-1.4.0.tgz"
    "version" "1.4.0"
    dependencies:
      "wrappy" "1"
  
  "onetime@^5.1.0":
    "integrity" "sha1-0Oluu1awdHbfHdnEgG5SN5hcpF4="
    "resolved" "https://repo.dev.wixpress.com/artifactory/api/npm/npm-repos/onetime/-/onetime-5.1.2.tgz"
    "version" "5.1.2"
    dependencies:
      "mimic-fn" "^2.1.0"
  
  "os@^0.1.2":
    "integrity" "sha1-8ppQxikIUWukJlLeQvcDhgDK28I="
    "resolved" "https://repo.dev.wixpress.com/artifactory/api/npm/npm-repos/os/-/os-0.1.2.tgz"
    "version" "0.1.2"
  
  "p-cancelable@^1.0.0":
    "integrity" "sha1-0HjRWjr0CSIMiG8dmgyi5EGrJsw="
    "resolved" "https://repo.dev.wixpress.com/artifactory/api/npm/npm-repos/p-cancelable/-/p-cancelable-1.1.0.tgz"
    "version" "1.1.0"
  
  "parse-function@~5.6.5":
    "integrity" "sha1-TbFoilCtyi0uGUHta5xcmKX25mI="
    "resolved" "https://repo.dev.wixpress.com/artifactory/api/npm/npm-repos/parse-function/-/parse-function-5.6.10.tgz"
    "version" "5.6.10"
    dependencies:
      "@babel/parser" "^7.8.3"
      "arrify" "^2.0.1"
  
  "path-is-absolute@^1.0.0":
    "integrity" "sha1-F0uSaHNVNP+8es5r9TpanhtcX18="
    "resolved" "https://repo.dev.wixpress.com/artifactory/api/npm/npm-repos/path-is-absolute/-/path-is-absolute-1.0.1.tgz"
    "version" "1.0.1"
  
  "path-parse@^1.0.7":
    "integrity" "sha1-+8EUtgykKzDZ2vWFjkvWi77bZzU="
    "resolved" "https://repo.dev.wixpress.com/artifactory/api/npm/npm-repos/path-parse/-/path-parse-1.0.7.tgz"
    "version" "1.0.7"
  
  "path@^0.12.7":
    "integrity" "sha1-1NwqUGxM4hl+tIHr/NWzbAFAsQ8="
    "resolved" "https://repo.dev.wixpress.com/artifactory/api/npm/npm-repos/path/-/path-0.12.7.tgz"
    "version" "0.12.7"
    dependencies:
      "process" "^0.11.1"
      "util" "^0.10.3"
  
  "pend@~1.2.0":
    "integrity" "sha1-elfrVQpng/kRUzH89GY9XI4AelA="
    "resolved" "https://repo.dev.wixpress.com/artifactory/api/npm/npm-repos/pend/-/pend-1.2.0.tgz"
    "version" "1.2.0"
  
  "pify@^3.0.0":
    "integrity" "sha1-5aSs0sEB/fPZpNB/DbxNtJ3SgXY="
    "resolved" "https://repo.dev.wixpress.com/artifactory/api/npm/npm-repos/pify/-/pify-3.0.0.tgz"
    "version" "3.0.0"
  
  "prepend-http@^2.0.0":
    "integrity" "sha1-6SQ0v6XqjBn0HN/UAddBo8gZ2Jc="
    "resolved" "https://repo.dev.wixpress.com/artifactory/api/npm/npm-repos/prepend-http/-/prepend-http-2.0.0.tgz"
    "version" "2.0.0"
  
  "process-nextick-args@~2.0.0":
    "integrity" "sha1-eCDZsWEgzFXKmud5JoCufbptf+I="
    "resolved" "https://repo.dev.wixpress.com/artifactory/api/npm/npm-repos/process-nextick-args/-/process-nextick-args-2.0.1.tgz"
    "version" "2.0.1"
  
  "process@^0.11.1":
    "integrity" "sha1-czIwDoQBYb2j5podHZGn1LwW8YI="
    "resolved" "https://repo.dev.wixpress.com/artifactory/api/npm/npm-repos/process/-/process-0.11.10.tgz"
    "version" "0.11.10"
  
  "progress@^2.0.3":
    "integrity" "sha1-foz42PW48jnBvGi+tOt4Vn1XLvg="
    "resolved" "https://repo.dev.wixpress.com/artifactory/api/npm/npm-repos/progress/-/progress-2.0.3.tgz"
    "version" "2.0.3"
  
  "proto-list@~1.2.1":
    "integrity" "sha1-IS1b/hMYMGpCD2QCuOJv85ZHqEk="
    "resolved" "https://repo.dev.wixpress.com/artifactory/api/npm/npm-repos/proto-list/-/proto-list-1.2.4.tgz"
    "version" "1.2.4"
  
  "pump@^3.0.0":
    "integrity" "sha1-tKIRaBW94vTh6mAjVOjHVWUQemQ="
    "resolved" "https://repo.dev.wixpress.com/artifactory/api/npm/npm-repos/pump/-/pump-3.0.0.tgz"
    "version" "3.0.0"
    dependencies:
      "end-of-stream" "^1.1.0"
      "once" "^1.3.1"
  
  "readable-stream@^2.2.2":
    "integrity" "sha1-Hsoc9xGu+BTAT2IlKjamL2yyO1c="
    "resolved" "https://repo.dev.wixpress.com/artifactory/api/npm/npm-repos/readable-stream/-/readable-stream-2.3.7.tgz"
    "version" "2.3.7"
    dependencies:
      "core-util-is" "~1.0.0"
      "inherits" "~2.0.3"
      "isarray" "~1.0.0"
      "process-nextick-args" "~2.0.0"
      "safe-buffer" "~5.1.1"
      "string_decoder" "~1.1.1"
      "util-deprecate" "~1.0.1"
  
  "readable-stream@^3.1.1":
    "integrity" "sha1-M3u9o63AcGvT4CRCaihtS0sskZg="
    "resolved" "https://repo.dev.wixpress.com/artifactory/api/npm/npm-repos/readable-stream/-/readable-stream-3.6.0.tgz"
    "version" "3.6.0"
    dependencies:
      "inherits" "^2.0.3"
      "string_decoder" "^1.1.1"
      "util-deprecate" "^1.0.1"
  
  "readline@^1.3.0":
    "integrity" "sha512-k2d6ACCkiNYz222Fs/iNze30rRJ1iIicW7JuX/7/cozvih6YCkFZH+J6mAFDVgv0dRBaAyr4jDqC95R2y4IADg=="
    "resolved" "https://registry.npmjs.org/readline/-/readline-1.3.0.tgz"
    "version" "1.3.0"
  
  "rechoir@^0.6.2":
    "integrity" "sha1-hSBLVNuoLVdC4oyWdW70OvUOM4Q="
    "resolved" "https://repo.dev.wixpress.com/artifactory/api/npm/npm-repos/rechoir/-/rechoir-0.6.2.tgz"
    "version" "0.6.2"
    dependencies:
      "resolve" "^1.1.6"
  
  "redstar@0.0.2":
    "integrity" "sha1-nVammAY4yYUaEAsMs799PrkCBcs="
    "resolved" "https://repo.dev.wixpress.com/artifactory/api/npm/npm-repos/redstar/-/redstar-0.0.2.tgz"
    "version" "0.0.2"
    dependencies:
      "minimatch" "~3.0.4"
  
  "require-directory@^2.1.1":
    "integrity" "sha1-jGStX9MNqxyXbiNE/+f3kqam30I="
    "resolved" "https://repo.dev.wixpress.com/artifactory/api/npm/npm-repos/require-directory/-/require-directory-2.1.1.tgz"
    "version" "2.1.1"
  
  "resolve@^1.1.6":
    "integrity" "sha1-XguMZ8Fd9XqJvbq+YDoALyFzEZg="
    "resolved" "https://repo.dev.wixpress.com/artifactory/api/npm/npm-repos/resolve/-/resolve-1.22.0.tgz"
    "version" "1.22.0"
    dependencies:
      "is-core-module" "^2.8.1"
      "path-parse" "^1.0.7"
      "supports-preserve-symlinks-flag" "^1.0.0"
  
  "responselike@^1.0.2":
    "integrity" "sha1-kYcg7ztjHFZCvgaPFa3lpG9Loec="
    "resolved" "https://repo.dev.wixpress.com/artifactory/api/npm/npm-repos/responselike/-/responselike-1.0.2.tgz"
    "version" "1.0.2"
    dependencies:
      "lowercase-keys" "^1.0.0"
  
  "restore-cursor@~3.1.0":
    "integrity" "sha1-OfZ8VLOnpYzqUjbZXPADQjljH34="
    "resolved" "https://repo.dev.wixpress.com/artifactory/api/npm/npm-repos/restore-cursor/-/restore-cursor-3.1.0.tgz"
    "version" "3.1.0"
    dependencies:
      "onetime" "^5.1.0"
      "signal-exit" "^3.0.2"
  
  "rimraf@~3.0.2":
    "integrity" "sha1-8aVAK6YiCtUswSgrrBrjqkn9Bho="
    "resolved" "https://repo.dev.wixpress.com/artifactory/api/npm/npm-repos/rimraf/-/rimraf-3.0.2.tgz"
    "version" "3.0.2"
    dependencies:
      "glob" "^7.1.3"
  
  "roarr@^2.15.3":
    "integrity" "sha1-9f55W3uDjM/jXcYI4Cgrnrouev0="
    "resolved" "https://repo.dev.wixpress.com/artifactory/api/npm/npm-repos/roarr/-/roarr-2.15.4.tgz"
    "version" "2.15.4"
    dependencies:
      "boolean" "^3.0.1"
      "detect-node" "^2.0.4"
      "globalthis" "^1.0.1"
      "json-stringify-safe" "^5.0.1"
      "semver-compare" "^1.0.0"
      "sprintf-js" "^1.1.2"
  
  "safe-buffer@~5.1.0", "safe-buffer@~5.1.1":
    "integrity" "sha1-mR7GnSluAxN0fVm9/St0XDX4go0="
    "resolved" "https://repo.dev.wixpress.com/artifactory/api/npm/npm-repos/safe-buffer/-/safe-buffer-5.1.2.tgz"
    "version" "5.1.2"
  
  "safe-buffer@~5.2.0":
    "integrity" "sha1-Hq+fqb2x/dTsdfWPnNtOa3gn7sY="
    "resolved" "https://repo.dev.wixpress.com/artifactory/api/npm/npm-repos/safe-buffer/-/safe-buffer-5.2.1.tgz"
    "version" "5.2.1"
  
  "semver-compare@^1.0.0":
    "integrity" "sha1-De4hahyUGrN+nvsXiPavxf9VN/w="
    "resolved" "https://repo.dev.wixpress.com/artifactory/api/npm/npm-repos/semver-compare/-/semver-compare-1.0.0.tgz"
    "version" "1.0.0"
  
  "semver@^6.2.0":
    "integrity" "sha1-7gpkyK9ejO6mdoexM3YeG+y9HT0="
    "resolved" "https://repo.dev.wixpress.com/artifactory/api/npm/npm-repos/semver/-/semver-6.3.0.tgz"
    "version" "6.3.0"
  
  "semver@^7.3.2", "semver@^7.3.5":
    "integrity" "sha1-EsW2Sa/b+QSXB3luIqQCiBTOUj8="
    "resolved" "https://repo.dev.wixpress.com/artifactory/api/npm/npm-repos/semver/-/semver-7.3.7.tgz"
    "version" "7.3.7"
    dependencies:
      "lru-cache" "^6.0.0"
  
  "serialize-error@^7.0.1":
    "integrity" "sha1-8TYLBEf2H/tIPsQVfHN/q313jhg="
    "resolved" "https://repo.dev.wixpress.com/artifactory/api/npm/npm-repos/serialize-error/-/serialize-error-7.0.1.tgz"
    "version" "7.0.1"
    dependencies:
      "type-fest" "^0.13.1"
  
  "shelljs@^0.8.5":
    "integrity" "sha1-3gVUCNg2G+1mxmnS8ABTjO2O4gw="
    "resolved" "https://repo.dev.wixpress.com/artifactory/api/npm/npm-repos/shelljs/-/shelljs-0.8.5.tgz"
    "version" "0.8.5"
    dependencies:
      "glob" "^7.0.0"
      "interpret" "^1.0.0"
      "rechoir" "^0.6.2"
  
  "shellwords@^0.1.1":
    "integrity" "sha1-1rkYHBpI05cyTISHHvvPxz/AZUs="
    "resolved" "https://repo.dev.wixpress.com/artifactory/api/npm/npm-repos/shellwords/-/shellwords-0.1.1.tgz"
    "version" "0.1.1"
  
  "signal-exit@^3.0.2":
    "integrity" "sha1-qaF2f4r4QVURTqq9c/mSc8j1mtk="
    "resolved" "https://repo.dev.wixpress.com/artifactory/api/npm/npm-repos/signal-exit/-/signal-exit-3.0.7.tgz"
    "version" "3.0.7"
  
  "sprintf-js@^1.1.2":
    "integrity" "sha1-2hdlJiv4wPVxdJ8q1sJjACB65nM="
    "resolved" "https://repo.dev.wixpress.com/artifactory/api/npm/npm-repos/sprintf-js/-/sprintf-js-1.1.2.tgz"
    "version" "1.1.2"
  
  "string_decoder@^1.1.1":
    "integrity" "sha1-QvEUWUpGzxqOMLCoT1bHjD7awh4="
    "resolved" "https://repo.dev.wixpress.com/artifactory/api/npm/npm-repos/string_decoder/-/string_decoder-1.3.0.tgz"
    "version" "1.3.0"
    dependencies:
      "safe-buffer" "~5.2.0"
  
  "string_decoder@~1.1.1":
    "integrity" "sha1-nPFhG6YmhdcDCunkujQUnDrwP8g="
    "resolved" "https://repo.dev.wixpress.com/artifactory/api/npm/npm-repos/string_decoder/-/string_decoder-1.1.1.tgz"
    "version" "1.1.1"
    dependencies:
      "safe-buffer" "~5.1.0"
  
  "string-width@^4.1.0", "string-width@^4.2.0", "string-width@^4.2.3":
    "integrity" "sha1-JpxxF9J7Ba0uU2gwqOyJXvnG0BA="
    "resolved" "https://repo.dev.wixpress.com/artifactory/api/npm/npm-repos/string-width/-/string-width-4.2.3.tgz"
    "version" "4.2.3"
    dependencies:
      "emoji-regex" "^8.0.0"
      "is-fullwidth-code-point" "^3.0.0"
      "strip-ansi" "^6.0.1"
  
  "string-width@~2.1.1":
    "integrity" "sha1-q5Pyeo3BPSjKyBXEYhQ6bZASrp4="
    "resolved" "https://repo.dev.wixpress.com/artifactory/api/npm/npm-repos/string-width/-/string-width-2.1.1.tgz"
    "version" "2.1.1"
    dependencies:
      "is-fullwidth-code-point" "^2.0.0"
      "strip-ansi" "^4.0.0"
  
  "strip-ansi@^4.0.0":
    "integrity" "sha1-qEeQIusaw2iocTibY1JixQXuNo8="
    "resolved" "https://repo.dev.wixpress.com/artifactory/api/npm/npm-repos/strip-ansi/-/strip-ansi-4.0.0.tgz"
    "version" "4.0.0"
    dependencies:
      "ansi-regex" "^3.0.0"
  
  "strip-ansi@^6.0.0", "strip-ansi@^6.0.1":
    "integrity" "sha1-nibGPTD1NEPpSJSVshBdN7Z6hdk="
    "resolved" "https://repo.dev.wixpress.com/artifactory/api/npm/npm-repos/strip-ansi/-/strip-ansi-6.0.1.tgz"
    "version" "6.0.1"
    dependencies:
      "ansi-regex" "^5.0.1"
  
  "sumchecker@^3.0.1":
    "integrity" "sha1-Y3fplnlauwttNI6bPh37JDRajkI="
    "resolved" "https://repo.dev.wixpress.com/artifactory/api/npm/npm-repos/sumchecker/-/sumchecker-3.0.1.tgz"
    "version" "3.0.1"
    dependencies:
      "debug" "^4.1.0"
  
  "supports-preserve-symlinks-flag@^1.0.0":
    "integrity" "sha1-btpL00SjyUrqN21MwxvHcxEDngk="
    "resolved" "https://repo.dev.wixpress.com/artifactory/api/npm/npm-repos/supports-preserve-symlinks-flag/-/supports-preserve-symlinks-flag-1.0.0.tgz"
    "version" "1.0.0"
  
  "temp-dir@^2.0.0":
    "integrity" "sha1-vekrBb3+sVFugEycAK1FF38xMh4="
    "resolved" "https://repo.dev.wixpress.com/artifactory/api/npm/npm-repos/temp-dir/-/temp-dir-2.0.0.tgz"
    "version" "2.0.0"
  
  "tempy@~0.6.0":
    "integrity" "sha1-ZeLDWrwG8RJKl/OHsIMDRCveWfM="
    "resolved" "https://repo.dev.wixpress.com/artifactory/api/npm/npm-repos/tempy/-/tempy-0.6.0.tgz"
    "version" "0.6.0"
    dependencies:
      "is-stream" "^2.0.0"
      "temp-dir" "^2.0.0"
      "type-fest" "^0.16.0"
      "unique-string" "^2.0.0"
  
  "timers-ext@^0.1.7", "timers-ext@0.1":
    "integrity" "sha1-b1ethXjgej+5+R2Th9ZWR1VeJcY="
    "resolved" "https://repo.dev.wixpress.com/artifactory/api/npm/npm-repos/timers-ext/-/timers-ext-0.1.7.tgz"
    "version" "0.1.7"
    dependencies:
      "es5-ext" "~0.10.46"
      "next-tick" "1"
  
  "to-readable-stream@^1.0.0":
    "integrity" "sha1-zgqgwvPfat+FLvtASng+d8BHV3E="
    "resolved" "https://repo.dev.wixpress.com/artifactory/api/npm/npm-repos/to-readable-stream/-/to-readable-stream-1.0.0.tgz"
    "version" "1.0.0"
  
  "tree-kill@~1.2.2":
    "integrity" "sha1-TKCakJLIi3OnzcXooBtQeweQoMw="
    "resolved" "https://repo.dev.wixpress.com/artifactory/api/npm/npm-repos/tree-kill/-/tree-kill-1.2.2.tgz"
    "version" "1.2.2"
  
  "ttab@^0.7.2":
    "integrity" "sha512-HiZv/33TGkPXiW2mq9JYInRsgSUxrqMeSxiNfRqT5Xve1BlxYtl9EEtfINqYVoamMxGSsbuHEnHFE+indA9j/Q=="
    "resolved" "https://registry.npmjs.org/ttab/-/ttab-0.7.2.tgz"
    "version" "0.7.2"
  
  "ttys@0.0.3":
    "integrity" "sha1-FbrN54MQIN5fLyjwGxcy7wNlH00="
    "resolved" "https://repo.dev.wixpress.com/artifactory/api/npm/npm-repos/ttys/-/ttys-0.0.3.tgz"
    "version" "0.0.3"
  
  "tunnel@^0.0.6":
    "integrity" "sha1-cvExSzSlsZLbASMk3yzFh8pH+Sw="
    "resolved" "https://repo.dev.wixpress.com/artifactory/api/npm/npm-repos/tunnel/-/tunnel-0.0.6.tgz"
    "version" "0.0.6"
  
  "type-fest@^0.13.1":
    "integrity" "sha1-AXLLW86AsL1ULqNI21DH4hg02TQ="
    "resolved" "https://repo.dev.wixpress.com/artifactory/api/npm/npm-repos/type-fest/-/type-fest-0.13.1.tgz"
    "version" "0.13.1"
  
  "type-fest@^0.16.0":
    "integrity" "sha1-MkC4kaeLDerpENvrhlU+VSoUiGA="
    "resolved" "https://repo.dev.wixpress.com/artifactory/api/npm/npm-repos/type-fest/-/type-fest-0.16.0.tgz"
    "version" "0.16.0"
  
  "type@^1.0.1":
    "integrity" "sha1-hI3XaY2vo+VKbEeedZxLw/GIR6A="
    "resolved" "https://repo.dev.wixpress.com/artifactory/api/npm/npm-repos/type/-/type-1.2.0.tgz"
    "version" "1.2.0"
  
  "type@^2.5.0":
    "integrity" "sha1-PKYJmvWYHTbKhreEQpc2lCeKIZ8="
    "resolved" "https://repo.dev.wixpress.com/artifactory/api/npm/npm-repos/type/-/type-2.6.0.tgz"
    "version" "2.6.0"
  
  "typedarray@^0.0.6":
    "integrity" "sha1-hnrHTjhkGHsdPUfZlqeOxciDB3c="
    "resolved" "https://repo.dev.wixpress.com/artifactory/api/npm/npm-repos/typedarray/-/typedarray-0.0.6.tgz"
    "version" "0.0.6"
  
  "typescript@^4.7.3":
    "integrity" "sha1-g2S1AtUle1QPneTEC+hMmOI6Ep0="
    "resolved" "https://repo.dev.wixpress.com/artifactory/api/npm/npm-repos/typescript/-/typescript-4.7.3.tgz"
    "version" "4.7.3"
  
  "unique-string@^2.0.0":
    "integrity" "sha1-OcZFH4GvsnSd4rIz4/fF6IQ72J0="
    "resolved" "https://repo.dev.wixpress.com/artifactory/api/npm/npm-repos/unique-string/-/unique-string-2.0.0.tgz"
    "version" "2.0.0"
    dependencies:
      "crypto-random-string" "^2.0.0"
  
  "universalify@^0.1.0":
    "integrity" "sha1-tkb2m+OULavOzJ1mOcgNwQXvqmY="
    "resolved" "https://repo.dev.wixpress.com/artifactory/api/npm/npm-repos/universalify/-/universalify-0.1.2.tgz"
    "version" "0.1.2"
  
  "url-parse-lax@^3.0.0":
    "integrity" "sha1-FrXK/Afb42dsGxmZF3gj1lA6yww="
    "resolved" "https://repo.dev.wixpress.com/artifactory/api/npm/npm-repos/url-parse-lax/-/url-parse-lax-3.0.0.tgz"
    "version" "3.0.0"
    dependencies:
      "prepend-http" "^2.0.0"
  
  "util-deprecate@^1.0.1", "util-deprecate@~1.0.1":
    "integrity" "sha1-RQ1Nyfpw3nMnYvvS1KKJgUGaDM8="
    "resolved" "https://repo.dev.wixpress.com/artifactory/api/npm/npm-repos/util-deprecate/-/util-deprecate-1.0.2.tgz"
    "version" "1.0.2"
  
  "util@^0.10.3":
    "integrity" "sha1-OqASW/5mikZy3liFfTrOJ+y3aQE="
    "resolved" "https://repo.dev.wixpress.com/artifactory/api/npm/npm-repos/util/-/util-0.10.4.tgz"
    "version" "0.10.4"
    dependencies:
      "inherits" "2.0.3"
  
  "uuid@^8.3.2":
    "integrity" "sha1-gNW1ztJxu5r2xEXyGhoExgbO++I="
    "resolved" "https://repo.dev.wixpress.com/artifactory/api/npm/npm-repos/uuid/-/uuid-8.3.2.tgz"
    "version" "8.3.2"
  
  "which@^2.0.2":
    "integrity" "sha1-fGqN0KY2oDJ+ELWckobu6T8/UbE="
    "resolved" "https://repo.dev.wixpress.com/artifactory/api/npm/npm-repos/which/-/which-2.0.2.tgz"
    "version" "2.0.2"
    dependencies:
      "isexe" "^2.0.0"
  
  "window-size@~1.1.1":
    "integrity" "sha1-mFhYZYCtp4qybs1peKbgMRXBryA="
    "resolved" "https://repo.dev.wixpress.com/artifactory/api/npm/npm-repos/window-size/-/window-size-1.1.1.tgz"
    "version" "1.1.1"
    dependencies:
      "define-property" "^1.0.0"
      "is-number" "^3.0.0"
  
  "wrap-ansi@^7.0.0":
    "integrity" "sha1-Z+FFz/UQpqaYS98RUpEdadLrnkM="
    "resolved" "https://repo.dev.wixpress.com/artifactory/api/npm/npm-repos/wrap-ansi/-/wrap-ansi-7.0.0.tgz"
    "version" "7.0.0"
    dependencies:
      "ansi-styles" "^4.0.0"
      "string-width" "^4.1.0"
      "strip-ansi" "^6.0.0"
  
  "wrappy@1":
    "integrity" "sha1-tSQ9jz7BqjXxNkYFvA0QNuMKtp8="
    "resolved" "https://repo.dev.wixpress.com/artifactory/api/npm/npm-repos/wrappy/-/wrappy-1.0.2.tgz"
    "version" "1.0.2"
  
  "y18n@^5.0.5":
    "integrity" "sha1-f0k00PfKjFb5UxSTndzS3ZHOHVU="
    "resolved" "https://repo.dev.wixpress.com/artifactory/api/npm/npm-repos/y18n/-/y18n-5.0.8.tgz"
    "version" "5.0.8"
  
  "yallist@^4.0.0":
    "integrity" "sha1-m7knkNnA7/7GO+c1GeEaNQGaOnI="
    "resolved" "https://repo.dev.wixpress.com/artifactory/api/npm/npm-repos/yallist/-/yallist-4.0.0.tgz"
    "version" "4.0.0"
  
  "yargs-parser@^21.0.0":
    "integrity" "sha1-Amfyhsh3pPD3KPzrb4o+TLlcbjU="
    "resolved" "https://repo.dev.wixpress.com/artifactory/api/npm/npm-repos/yargs-parser/-/yargs-parser-21.0.1.tgz"
    "version" "21.0.1"
  
  "yargs@^17.5.1":
    "integrity" "sha1-4QmQDKtvy3/USx2CSRZv6ws25Y4="
    "resolved" "https://repo.dev.wixpress.com/artifactory/api/npm/npm-repos/yargs/-/yargs-17.5.1.tgz"
    "version" "17.5.1"
    dependencies:
      "cliui" "^7.0.2"
      "escalade" "^3.1.1"
      "get-caller-file" "^2.0.5"
      "require-directory" "^2.1.1"
      "string-width" "^4.2.3"
      "y18n" "^5.0.5"
      "yargs-parser" "^21.0.0"
  
  "yauzl@^2.10.0":
    "integrity" "sha1-x+sXyT4RLLEIb6bY5R+wZnt5pfk="
    "resolved" "https://repo.dev.wixpress.com/artifactory/api/npm/npm-repos/yauzl/-/yauzl-2.10.0.tgz"
    "version" "2.10.0"
    dependencies:
      "buffer-crc32" "~0.2.3"
      "fd-slicer" "~1.1.0"
  
  "yt-play-cli@^0.13.5":
    "integrity" "sha1-RZQuMJC6230NG/ENpnsR+PguNRY="
    "resolved" "https://repo.dev.wixpress.com/artifactory/api/npm/npm-repos/yt-play-cli/-/yt-play-cli-0.13.5.tgz"
    "version" "0.13.5"
    dependencies:
      "ad-block-js" "0.0.2"
      "cli-color" "~2.0.0"
      "eeto" "0.0.4"
      "electron" "~10.1.1"
      "eleko" "~0.5.2"
      "minimist" "~1.2.5"
      "node-fzf" "~0.8.0"
      "nozombie" "~1.1.0"
      "yt-search" "~2.7.3"
  
  "yt-search@~2.7.3":
    "integrity" "sha1-ry25x2ZA3/f5Y8MVrMZkgs8/g+8="
    "resolved" "https://repo.dev.wixpress.com/artifactory/api/npm/npm-repos/yt-search/-/yt-search-2.7.7.tgz"
    "version" "2.7.7"
    dependencies:
      "async.parallellimit" "~0.5.2"
      "boolstring" "~1.0.2"
      "cheerio" "~0.22.0"
      "dasu" "~0.4.2"
      "human-time" "0.0.2"
      "jsonpath-plus" "~5.0.2"
      "minimist" "~1.2.5"
      "node-fzf" "~0.5.1"
